have_header: checking for ruby/st.h... -------------------- yes

"gcc -o conftest -I/home/asus/.rbenv/versions/3.0.6/include/ruby-3.0.0/x86_64-linux -I/home/asus/.rbenv/versions/3.0.6/include/ruby-3.0.0/ruby/backward -I/home/asus/.rbenv/versions/3.0.6/include/ruby-3.0.0 -I. -I/home/asus/.rbenv/versions/3.0.6/include    -O3 -ggdb3 -Wall -Wextra -Wdeprecated-declarations -Wduplicated-cond -Wimplicit-function-declaration -Wimplicit-int -Wmisleading-indentation -Wpointer-arith -Wwrite-strings -Wimplicit-fallthrough=0 -Wmissing-noreturn -Wno-cast-function-type -Wno-constant-logical-operand -Wno-long-long -Wno-missing-field-initializers -Wno-overlength-strings -Wno-packed-bitfield-compat -Wno-parentheses-equality -Wno-self-assign -Wno-tautological-compare -Wno-unused-parameter -Wno-unused-value -Wsuggest-attribute=format -Wsuggest-attribute=noreturn -Wunused-variable  -fPIC conftest.c  -L. -L/home/asus/.rbenv/versions/3.0.6/lib -Wl,-rpath,/home/asus/.rbenv/versions/3.0.6/lib -L. -L/home/asus/.rbenv/versions/3.0.6/lib  -fstack-protector-strong -rdynamic -Wl,-export-dynamic -Wl,--no-as-needed     -Wl,-rpath,/home/asus/.rbenv/versions/3.0.6/lib -L/home/asus/.rbenv/versions/3.0.6/lib -lruby  -lm   -lc"
checked program was:
/* begin */
1: #include "ruby.h"
2: 
3: int main(int argc, char **argv)
4: {
5:   return !!argv[argc];
6: }
/* end */

"gcc -E -I/home/asus/.rbenv/versions/3.0.6/include/ruby-3.0.0/x86_64-linux -I/home/asus/.rbenv/versions/3.0.6/include/ruby-3.0.0/ruby/backward -I/home/asus/.rbenv/versions/3.0.6/include/ruby-3.0.0 -I. -I/home/asus/.rbenv/versions/3.0.6/include    -O3 -ggdb3 -Wall -Wextra -Wdeprecated-declarations -Wduplicated-cond -Wimplicit-function-declaration -Wimplicit-int -Wmisleading-indentation -Wpointer-arith -Wwrite-strings -Wimplicit-fallthrough=0 -Wmissing-noreturn -Wno-cast-function-type -Wno-constant-logical-operand -Wno-long-long -Wno-missing-field-initializers -Wno-overlength-strings -Wno-packed-bitfield-compat -Wno-parentheses-equality -Wno-self-assign -Wno-tautological-compare -Wno-unused-parameter -Wno-unused-value -Wsuggest-attribute=format -Wsuggest-attribute=noreturn -Wunused-variable  -fPIC  conftest.c -o conftest.i"
checked program was:
/* begin */
1: #include "ruby.h"
2: 
3: #include <ruby/st.h>
/* end */

--------------------

have_header: checking for st.h... -------------------- no

"gcc -E -I/home/asus/.rbenv/versions/3.0.6/include/ruby-3.0.0/x86_64-linux -I/home/asus/.rbenv/versions/3.0.6/include/ruby-3.0.0/ruby/backward -I/home/asus/.rbenv/versions/3.0.6/include/ruby-3.0.0 -I. -I/home/asus/.rbenv/versions/3.0.6/include    -O3 -ggdb3 -Wall -Wextra -Wdeprecated-declarations -Wduplicated-cond -Wimplicit-function-declaration -Wimplicit-int -Wmisleading-indentation -Wpointer-arith -Wwrite-strings -Wimplicit-fallthrough=0 -Wmissing-noreturn -Wno-cast-function-type -Wno-constant-logical-operand -Wno-long-long -Wno-missing-field-initializers -Wno-overlength-strings -Wno-packed-bitfield-compat -Wno-parentheses-equality -Wno-self-assign -Wno-tautological-compare -Wno-unused-parameter -Wno-unused-value -Wsuggest-attribute=format -Wsuggest-attribute=noreturn -Wunused-variable  -fPIC  conftest.c -o conftest.i"
conftest.c:3:10: fatal error: st.h: No existe el archivo o el directorio
    3 | #include <st.h>
      |          ^~~~~~
compilation terminated.
checked program was:
/* begin */
1: #include "ruby.h"
2: 
3: #include <st.h>
/* end */

--------------------

have_func: checking for rb_enc_interned_str() in ruby.h... -------------------- yes

"gcc -o conftest -I/home/asus/.rbenv/versions/3.0.6/include/ruby-3.0.0/x86_64-linux -I/home/asus/.rbenv/versions/3.0.6/include/ruby-3.0.0/ruby/backward -I/home/asus/.rbenv/versions/3.0.6/include/ruby-3.0.0 -I. -I/home/asus/.rbenv/versions/3.0.6/include    -O3 -ggdb3 -Wall -Wextra -Wdeprecated-declarations -Wduplicated-cond -Wimplicit-function-declaration -Wimplicit-int -Wmisleading-indentation -Wpointer-arith -Wwrite-strings -Wimplicit-fallthrough=0 -Wmissing-noreturn -Wno-cast-function-type -Wno-constant-logical-operand -Wno-long-long -Wno-missing-field-initializers -Wno-overlength-strings -Wno-packed-bitfield-compat -Wno-parentheses-equality -Wno-self-assign -Wno-tautological-compare -Wno-unused-parameter -Wno-unused-value -Wsuggest-attribute=format -Wsuggest-attribute=noreturn -Wunused-variable  -fPIC conftest.c  -L. -L/home/asus/.rbenv/versions/3.0.6/lib -Wl,-rpath,/home/asus/.rbenv/versions/3.0.6/lib -L. -L/home/asus/.rbenv/versions/3.0.6/lib  -fstack-protector-strong -rdynamic -Wl,-export-dynamic -Wl,--no-as-needed     -Wl,-rpath,/home/asus/.rbenv/versions/3.0.6/lib -L/home/asus/.rbenv/versions/3.0.6/lib -lruby  -lm   -lc"
conftest.c: In function ‘t’:
conftest.c:16:57: error: ‘rb_enc_interned_str’ undeclared (first use in this function); did you mean ‘rb_interned_str’?
   16 | int t(void) { void ((*volatile p)()); p = (void ((*)()))rb_enc_interned_str; return !p; }
      |                                                         ^~~~~~~~~~~~~~~~~~~
      |                                                         rb_interned_str
conftest.c:16:57: note: each undeclared identifier is reported only once for each function it appears in
conftest.c: At top level:
cc1: note: unrecognized command-line option ‘-Wno-self-assign’ may have been intended to silence earlier diagnostics
cc1: note: unrecognized command-line option ‘-Wno-parentheses-equality’ may have been intended to silence earlier diagnostics
cc1: note: unrecognized command-line option ‘-Wno-constant-logical-operand’ may have been intended to silence earlier diagnostics
checked program was:
/* begin */
 1: #include "ruby.h"
 2: 
 3: #include <ruby.h>
 4: 
 5: /*top*/
 6: extern int t(void);
 7: int main(int argc, char **argv)
 8: {
 9:   if (argc > 1000000) {
10:     int (* volatile tp)(void)=(int (*)(void))&t;
11:     printf("%d", (*tp)());
12:   }
13: 
14:   return !!argv[argc];
15: }
16: int t(void) { void ((*volatile p)()); p = (void ((*)()))rb_enc_interned_str; return !p; }
/* end */

"gcc -o conftest -I/home/asus/.rbenv/versions/3.0.6/include/ruby-3.0.0/x86_64-linux -I/home/asus/.rbenv/versions/3.0.6/include/ruby-3.0.0/ruby/backward -I/home/asus/.rbenv/versions/3.0.6/include/ruby-3.0.0 -I. -I/home/asus/.rbenv/versions/3.0.6/include    -O3 -ggdb3 -Wall -Wextra -Wdeprecated-declarations -Wduplicated-cond -Wimplicit-function-declaration -Wimplicit-int -Wmisleading-indentation -Wpointer-arith -Wwrite-strings -Wimplicit-fallthrough=0 -Wmissing-noreturn -Wno-cast-function-type -Wno-constant-logical-operand -Wno-long-long -Wno-missing-field-initializers -Wno-overlength-strings -Wno-packed-bitfield-compat -Wno-parentheses-equality -Wno-self-assign -Wno-tautological-compare -Wno-unused-parameter -Wno-unused-value -Wsuggest-attribute=format -Wsuggest-attribute=noreturn -Wunused-variable  -fPIC conftest.c  -L. -L/home/asus/.rbenv/versions/3.0.6/lib -Wl,-rpath,/home/asus/.rbenv/versions/3.0.6/lib -L. -L/home/asus/.rbenv/versions/3.0.6/lib  -fstack-protector-strong -rdynamic -Wl,-export-dynamic -Wl,--no-as-needed     -Wl,-rpath,/home/asus/.rbenv/versions/3.0.6/lib -L/home/asus/.rbenv/versions/3.0.6/lib -lruby  -lm   -lc"
checked program was:
/* begin */
 1: #include "ruby.h"
 2: 
 3: #include <ruby.h>
 4: 
 5: /*top*/
 6: extern int t(void);
 7: int main(int argc, char **argv)
 8: {
 9:   if (argc > 1000000) {
10:     int (* volatile tp)(void)=(int (*)(void))&t;
11:     printf("%d", (*tp)());
12:   }
13: 
14:   return !!argv[argc];
15: }
16: extern void rb_enc_interned_str();
17: int t(void) { rb_enc_interned_str(); return 0; }
/* end */

--------------------

have_func: checking for rb_hash_new_capa() in ruby.h... -------------------- no

"gcc -o conftest -I/home/asus/.rbenv/versions/3.0.6/include/ruby-3.0.0/x86_64-linux -I/home/asus/.rbenv/versions/3.0.6/include/ruby-3.0.0/ruby/backward -I/home/asus/.rbenv/versions/3.0.6/include/ruby-3.0.0 -I. -I/home/asus/.rbenv/versions/3.0.6/include    -O3 -ggdb3 -Wall -Wextra -Wdeprecated-declarations -Wduplicated-cond -Wimplicit-function-declaration -Wimplicit-int -Wmisleading-indentation -Wpointer-arith -Wwrite-strings -Wimplicit-fallthrough=0 -Wmissing-noreturn -Wno-cast-function-type -Wno-constant-logical-operand -Wno-long-long -Wno-missing-field-initializers -Wno-overlength-strings -Wno-packed-bitfield-compat -Wno-parentheses-equality -Wno-self-assign -Wno-tautological-compare -Wno-unused-parameter -Wno-unused-value -Wsuggest-attribute=format -Wsuggest-attribute=noreturn -Wunused-variable  -fPIC conftest.c  -L. -L/home/asus/.rbenv/versions/3.0.6/lib -Wl,-rpath,/home/asus/.rbenv/versions/3.0.6/lib -L. -L/home/asus/.rbenv/versions/3.0.6/lib  -fstack-protector-strong -rdynamic -Wl,-export-dynamic -Wl,--no-as-needed     -Wl,-rpath,/home/asus/.rbenv/versions/3.0.6/lib -L/home/asus/.rbenv/versions/3.0.6/lib -lruby  -lm   -lc"
conftest.c: In function ‘t’:
conftest.c:16:57: error: ‘rb_hash_new_capa’ undeclared (first use in this function); did you mean ‘rb_ary_new_capa’?
   16 | int t(void) { void ((*volatile p)()); p = (void ((*)()))rb_hash_new_capa; return !p; }
      |                                                         ^~~~~~~~~~~~~~~~
      |                                                         rb_ary_new_capa
conftest.c:16:57: note: each undeclared identifier is reported only once for each function it appears in
conftest.c: At top level:
cc1: note: unrecognized command-line option ‘-Wno-self-assign’ may have been intended to silence earlier diagnostics
cc1: note: unrecognized command-line option ‘-Wno-parentheses-equality’ may have been intended to silence earlier diagnostics
cc1: note: unrecognized command-line option ‘-Wno-constant-logical-operand’ may have been intended to silence earlier diagnostics
checked program was:
/* begin */
 1: #include "ruby.h"
 2: 
 3: #include <ruby.h>
 4: 
 5: /*top*/
 6: extern int t(void);
 7: int main(int argc, char **argv)
 8: {
 9:   if (argc > 1000000) {
10:     int (* volatile tp)(void)=(int (*)(void))&t;
11:     printf("%d", (*tp)());
12:   }
13: 
14:   return !!argv[argc];
15: }
16: int t(void) { void ((*volatile p)()); p = (void ((*)()))rb_hash_new_capa; return !p; }
/* end */

"gcc -o conftest -I/home/asus/.rbenv/versions/3.0.6/include/ruby-3.0.0/x86_64-linux -I/home/asus/.rbenv/versions/3.0.6/include/ruby-3.0.0/ruby/backward -I/home/asus/.rbenv/versions/3.0.6/include/ruby-3.0.0 -I. -I/home/asus/.rbenv/versions/3.0.6/include    -O3 -ggdb3 -Wall -Wextra -Wdeprecated-declarations -Wduplicated-cond -Wimplicit-function-declaration -Wimplicit-int -Wmisleading-indentation -Wpointer-arith -Wwrite-strings -Wimplicit-fallthrough=0 -Wmissing-noreturn -Wno-cast-function-type -Wno-constant-logical-operand -Wno-long-long -Wno-missing-field-initializers -Wno-overlength-strings -Wno-packed-bitfield-compat -Wno-parentheses-equality -Wno-self-assign -Wno-tautological-compare -Wno-unused-parameter -Wno-unused-value -Wsuggest-attribute=format -Wsuggest-attribute=noreturn -Wunused-variable  -fPIC conftest.c  -L. -L/home/asus/.rbenv/versions/3.0.6/lib -Wl,-rpath,/home/asus/.rbenv/versions/3.0.6/lib -L. -L/home/asus/.rbenv/versions/3.0.6/lib  -fstack-protector-strong -rdynamic -Wl,-export-dynamic -Wl,--no-as-needed     -Wl,-rpath,/home/asus/.rbenv/versions/3.0.6/lib -L/home/asus/.rbenv/versions/3.0.6/lib -lruby  -lm   -lc"
/usr/bin/ld: /tmp/ccn8LA1C.o: en la función `t':
/home/asus/carreraprogrammer/MICROVERSE/Rails/rails-blog/vendor/bundle/ruby/3.0.0/gems/msgpack-1.7.1/ext/msgpack/conftest.c:17: referencia a `rb_hash_new_capa' sin definir
collect2: error: ld returned 1 exit status
checked program was:
/* begin */
 1: #include "ruby.h"
 2: 
 3: #include <ruby.h>
 4: 
 5: /*top*/
 6: extern int t(void);
 7: int main(int argc, char **argv)
 8: {
 9:   if (argc > 1000000) {
10:     int (* volatile tp)(void)=(int (*)(void))&t;
11:     printf("%d", (*tp)());
12:   }
13: 
14:   return !!argv[argc];
15: }
16: extern void rb_hash_new_capa();
17: int t(void) { rb_hash_new_capa(); return 0; }
/* end */

--------------------

block in append_cflags: checking for whether -fvisibility=hidden is accepted as CFLAGS... -------------------- yes

"gcc -I/home/asus/.rbenv/versions/3.0.6/include/ruby-3.0.0/x86_64-linux -I/home/asus/.rbenv/versions/3.0.6/include/ruby-3.0.0/ruby/backward -I/home/asus/.rbenv/versions/3.0.6/include/ruby-3.0.0 -I. -I/home/asus/.rbenv/versions/3.0.6/include    -O3 -ggdb3 -Wall -Wextra -Wdeprecated-declarations -Wduplicated-cond -Wimplicit-function-declaration -Wimplicit-int -Wmisleading-indentation -Wpointer-arith -Wwrite-strings -Wimplicit-fallthrough=0 -Wmissing-noreturn -Wno-cast-function-type -Wno-constant-logical-operand -Wno-long-long -Wno-missing-field-initializers -Wno-overlength-strings -Wno-packed-bitfield-compat -Wno-parentheses-equality -Wno-self-assign -Wno-tautological-compare -Wno-unused-parameter -Wno-unused-value -Wsuggest-attribute=format -Wsuggest-attribute=noreturn -Wunused-variable  -fPIC  -fvisibility=hidden -Werror -c conftest.c"
checked program was:
/* begin */
1: #include "ruby.h"
2: 
3: int main(int argc, char **argv)
4: {
5:   return !!argv[argc];
6: }
/* end */

--------------------

block in append_cflags: checking for whether -I.. is accepted as CFLAGS... -------------------- yes

"gcc -I/home/asus/.rbenv/versions/3.0.6/include/ruby-3.0.0/x86_64-linux -I/home/asus/.rbenv/versions/3.0.6/include/ruby-3.0.0/ruby/backward -I/home/asus/.rbenv/versions/3.0.6/include/ruby-3.0.0 -I. -I/home/asus/.rbenv/versions/3.0.6/include    -O3 -ggdb3 -Wall -Wextra -Wdeprecated-declarations -Wduplicated-cond -Wimplicit-function-declaration -Wimplicit-int -Wmisleading-indentation -Wpointer-arith -Wwrite-strings -Wimplicit-fallthrough=0 -Wmissing-noreturn -Wno-cast-function-type -Wno-constant-logical-operand -Wno-long-long -Wno-missing-field-initializers -Wno-overlength-strings -Wno-packed-bitfield-compat -Wno-parentheses-equality -Wno-self-assign -Wno-tautological-compare -Wno-unused-parameter -Wno-unused-value -Wsuggest-attribute=format -Wsuggest-attribute=noreturn -Wunused-variable  -fPIC -fvisibility=hidden  -I.. -Werror -c conftest.c"
checked program was:
/* begin */
1: #include "ruby.h"
2: 
3: int main(int argc, char **argv)
4: {
5:   return !!argv[argc];
6: }
/* end */

--------------------

block in append_cflags: checking for whether -Wall is accepted as CFLAGS... -------------------- yes

"gcc -I/home/asus/.rbenv/versions/3.0.6/include/ruby-3.0.0/x86_64-linux -I/home/asus/.rbenv/versions/3.0.6/include/ruby-3.0.0/ruby/backward -I/home/asus/.rbenv/versions/3.0.6/include/ruby-3.0.0 -I. -I/home/asus/.rbenv/versions/3.0.6/include    -O3 -ggdb3 -Wall -Wextra -Wdeprecated-declarations -Wduplicated-cond -Wimplicit-function-declaration -Wimplicit-int -Wmisleading-indentation -Wpointer-arith -Wwrite-strings -Wimplicit-fallthrough=0 -Wmissing-noreturn -Wno-cast-function-type -Wno-constant-logical-operand -Wno-long-long -Wno-missing-field-initializers -Wno-overlength-strings -Wno-packed-bitfield-compat -Wno-parentheses-equality -Wno-self-assign -Wno-tautological-compare -Wno-unused-parameter -Wno-unused-value -Wsuggest-attribute=format -Wsuggest-attribute=noreturn -Wunused-variable  -fPIC -fvisibility=hidden -I..  -Wall -Werror -c conftest.c"
checked program was:
/* begin */
1: #include "ruby.h"
2: 
3: int main(int argc, char **argv)
4: {
5:   return !!argv[argc];
6: }
/* end */

--------------------

block in append_cflags: checking for whether -O3 is accepted as CFLAGS... -------------------- yes

"gcc -I/home/asus/.rbenv/versions/3.0.6/include/ruby-3.0.0/x86_64-linux -I/home/asus/.rbenv/versions/3.0.6/include/ruby-3.0.0/ruby/backward -I/home/asus/.rbenv/versions/3.0.6/include/ruby-3.0.0 -I. -I/home/asus/.rbenv/versions/3.0.6/include    -O3 -ggdb3 -Wall -Wextra -Wdeprecated-declarations -Wduplicated-cond -Wimplicit-function-declaration -Wimplicit-int -Wmisleading-indentation -Wpointer-arith -Wwrite-strings -Wimplicit-fallthrough=0 -Wmissing-noreturn -Wno-cast-function-type -Wno-constant-logical-operand -Wno-long-long -Wno-missing-field-initializers -Wno-overlength-strings -Wno-packed-bitfield-compat -Wno-parentheses-equality -Wno-self-assign -Wno-tautological-compare -Wno-unused-parameter -Wno-unused-value -Wsuggest-attribute=format -Wsuggest-attribute=noreturn -Wunused-variable  -fPIC -fvisibility=hidden -I.. -Wall  -O3 -Werror -c conftest.c"
checked program was:
/* begin */
1: #include "ruby.h"
2: 
3: int main(int argc, char **argv)
4: {
5:   return !!argv[argc];
6: }
/* end */

--------------------

block in append_cflags: checking for whether -std=gnu99 is accepted as CFLAGS... -------------------- yes

"gcc -I/home/asus/.rbenv/versions/3.0.6/include/ruby-3.0.0/x86_64-linux -I/home/asus/.rbenv/versions/3.0.6/include/ruby-3.0.0/ruby/backward -I/home/asus/.rbenv/versions/3.0.6/include/ruby-3.0.0 -I. -I/home/asus/.rbenv/versions/3.0.6/include    -O3 -ggdb3 -Wall -Wextra -Wdeprecated-declarations -Wduplicated-cond -Wimplicit-function-declaration -Wimplicit-int -Wmisleading-indentation -Wpointer-arith -Wwrite-strings -Wimplicit-fallthrough=0 -Wmissing-noreturn -Wno-cast-function-type -Wno-constant-logical-operand -Wno-long-long -Wno-missing-field-initializers -Wno-overlength-strings -Wno-packed-bitfield-compat -Wno-parentheses-equality -Wno-self-assign -Wno-tautological-compare -Wno-unused-parameter -Wno-unused-value -Wsuggest-attribute=format -Wsuggest-attribute=noreturn -Wunused-variable  -fPIC -fvisibility=hidden -I.. -Wall -O3  -std=gnu99 -Werror -c conftest.c"
checked program was:
/* begin */
1: #include "ruby.h"
2: 
3: int main(int argc, char **argv)
4: {
5:   return !!argv[argc];
6: }
/* end */

--------------------

block in append_cflags: checking for whether -ggdb3 is accepted as CFLAGS... -------------------- yes

"gcc -I/home/asus/.rbenv/versions/3.0.6/include/ruby-3.0.0/x86_64-linux -I/home/asus/.rbenv/versions/3.0.6/include/ruby-3.0.0/ruby/backward -I/home/asus/.rbenv/versions/3.0.6/include/ruby-3.0.0 -I. -I/home/asus/.rbenv/versions/3.0.6/include    -O3 -ggdb3 -Wall -Wextra -Wdeprecated-declarations -Wduplicated-cond -Wimplicit-function-declaration -Wimplicit-int -Wmisleading-indentation -Wpointer-arith -Wwrite-strings -Wimplicit-fallthrough=0 -Wmissing-noreturn -Wno-cast-function-type -Wno-constant-logical-operand -Wno-long-long -Wno-missing-field-initializers -Wno-overlength-strings -Wno-packed-bitfield-compat -Wno-parentheses-equality -Wno-self-assign -Wno-tautological-compare -Wno-unused-parameter -Wno-unused-value -Wsuggest-attribute=format -Wsuggest-attribute=noreturn -Wunused-variable  -fPIC -fvisibility=hidden -I.. -Wall -O3 -std=gnu99  -ggdb3 -Werror -c conftest.c"
checked program was:
/* begin */
1: #include "ruby.h"
2: 
3: int main(int argc, char **argv)
4: {
5:   return !!argv[argc];
6: }
/* end */

--------------------

block in append_cflags: checking for whether -DHASH_ASET_DEDUPE=1 is accepted as CFLAGS... -------------------- yes

"gcc -I/home/asus/.rbenv/versions/3.0.6/include/ruby-3.0.0/x86_64-linux -I/home/asus/.rbenv/versions/3.0.6/include/ruby-3.0.0/ruby/backward -I/home/asus/.rbenv/versions/3.0.6/include/ruby-3.0.0 -I. -I/home/asus/.rbenv/versions/3.0.6/include    -O3 -ggdb3 -Wall -Wextra -Wdeprecated-declarations -Wduplicated-cond -Wimplicit-function-declaration -Wimplicit-int -Wmisleading-indentation -Wpointer-arith -Wwrite-strings -Wimplicit-fallthrough=0 -Wmissing-noreturn -Wno-cast-function-type -Wno-constant-logical-operand -Wno-long-long -Wno-missing-field-initializers -Wno-overlength-strings -Wno-packed-bitfield-compat -Wno-parentheses-equality -Wno-self-assign -Wno-tautological-compare -Wno-unused-parameter -Wno-unused-value -Wsuggest-attribute=format -Wsuggest-attribute=noreturn -Wunused-variable  -fPIC -fvisibility=hidden -I.. -Wall -O3 -std=gnu99 -ggdb3  -DHASH_ASET_DEDUPE=1 -Werror -c conftest.c"
checked program was:
/* begin */
1: #include "ruby.h"
2: 
3: int main(int argc, char **argv)
4: {
5:   return !!argv[argc];
6: }
/* end */

--------------------

block in append_cflags: checking for whether -DSTR_UMINUS_DEDUPE_FROZEN=1 is accepted as CFLAGS... -------------------- yes

"gcc -I/home/asus/.rbenv/versions/3.0.6/include/ruby-3.0.0/x86_64-linux -I/home/asus/.rbenv/versions/3.0.6/include/ruby-3.0.0/ruby/backward -I/home/asus/.rbenv/versions/3.0.6/include/ruby-3.0.0 -I. -I/home/asus/.rbenv/versions/3.0.6/include    -O3 -ggdb3 -Wall -Wextra -Wdeprecated-declarations -Wduplicated-cond -Wimplicit-function-declaration -Wimplicit-int -Wmisleading-indentation -Wpointer-arith -Wwrite-strings -Wimplicit-fallthrough=0 -Wmissing-noreturn -Wno-cast-function-type -Wno-constant-logical-operand -Wno-long-long -Wno-missing-field-initializers -Wno-overlength-strings -Wno-packed-bitfield-compat -Wno-parentheses-equality -Wno-self-assign -Wno-tautological-compare -Wno-unused-parameter -Wno-unused-value -Wsuggest-attribute=format -Wsuggest-attribute=noreturn -Wunused-variable  -fPIC -fvisibility=hidden -I.. -Wall -O3 -std=gnu99 -ggdb3 -DHASH_ASET_DEDUPE=1  -DSTR_UMINUS_DEDUPE_FROZEN=1 -Werror -c conftest.c"
checked program was:
/* begin */
1: #include "ruby.h"
2: 
3: int main(int argc, char **argv)
4: {
5:   return !!argv[argc];
6: }
/* end */

--------------------

